<?xml version="1.0" encoding="UTF-8" ?>
<testsuites>
  <testsuite errors="0" failures="0" hostname="BaseJump.local" id="0" name="TestDomainTests" package="nineci" tests="1" time="0.142" timestamp="2009-10-07T06:59:18">
      <properties />

      <testcase classname="nineci.TestDomainTests" name="testSomething" time="0.141" />

      <system-out><![CDATA[--Output from testSomething--
]]></system-out>

      <system-err><![CDATA[--Output from testSomething--
]]></system-err>

  </testsuite>
  <testsuite errors="0" failures="0" hostname="BaseJump.local" id="1" name="AuditStampTests" package="nineci.tests" tests="2" time="1.751" timestamp="2009-10-07T06:59:36">
      <properties />

      <testcase classname="nineci.tests.AuditStampTests" name="testCreateEditInsert" time="1.432" />

      <testcase classname="nineci.tests.AuditStampTests" name="testCreateEditUpdate" time="0.254" />

      <system-out><![CDATA[--Output from testCreateEditInsert--
setting companyId to 5
select oid, companyId,createdBy, createdDate, updatedBy, editedDate from TestDomains where oid = 10000
--Output from testCreateEditUpdate--
setting companyId to 5
select oid, createdBy, createdDate, updatedBy, editedDate from TestDomains where oid = 2
]]></system-out>

      <system-err><![CDATA[--Output from testCreateEditInsert--
--Output from testCreateEditUpdate--
]]></system-err>

  </testsuite>
  <testsuite errors="0" failures="0" hostname="BaseJump.local" id="2" name="IdGeneratorTests" package="nineci.tests" tests="1" time="0.058" timestamp="2009-10-07T06:59:38">
      <properties />

      <testcase classname="nineci.tests.IdGeneratorTests" name="testIdGen" time="0.024" />

      <system-out><![CDATA[--Output from testIdGen--
setting companyId to 5
setting companyId to 5
select nextId from NewObjectId where KeyName = 'TestDomains.OID'
nextId is 10200
]]></system-out>

      <system-err><![CDATA[--Output from testIdGen--
]]></system-err>

  </testsuite>
</testsuites>
